#
# There is insufficient memory for the Java Runtime Environment to continue.
# Native memory allocation (mmap) failed to map 10586423296 bytes for committing reserved memory.
# Possible reasons:
#   The system is out of physical RAM or swap space
#   In 32 bit mode, the process size limit was hit
# Possible solutions:
#   Reduce memory load on the system
#   Increase physical memory or swap space
#   Check if swap backing store is full
#   Use 64 bit Java on a 64 bit OS
#   Decrease Java heap size (-Xmx/-Xms)
#   Decrease number of Java threads
#   Decrease Java thread stack sizes (-Xss)
#   Set larger code cache with -XX:ReservedCodeCacheSize=
# This output file may be truncated or incomplete.
#
#  Out of Memory Error (os_linux.cpp:2627), pid=21837, tid=0x00007fb97d0f6700
#
# JRE version:  (8.0_121-b13) (build )
# Java VM: Java HotSpot(TM) 64-Bit Server VM (25.121-b13 mixed mode linux-amd64 compressed oops)
# Failed to write core dump. Core dumps have been disabled. To enable core dumping, try "ulimit -c unlimited" before starting Java again
#

---------------  T H R E A D  ---------------

Current thread (0x00007fb97400a800):  JavaThread "Unknown thread" [_thread_in_vm, id=21842, stack(0x00007fb97cff6000,0x00007fb97d0f7000)]

Stack: [0x00007fb97cff6000,0x00007fb97d0f7000],  sp=0x00007fb97d0f53c0,  free space=1020k
Native frames: (J=compiled Java code, j=interpreted, Vv=VM code, C=native code)
V  [libjvm.so+0xac703a]  VMError::report_and_die()+0x2ba
V  [libjvm.so+0x4fc7eb]  report_vm_out_of_memory(char const*, int, unsigned long, VMErrorType, char const*)+0x8b
V  [libjvm.so+0x923c43]  os::Linux::commit_memory_impl(char*, unsigned long, bool)+0x103
V  [libjvm.so+0x924199]  os::pd_commit_memory(char*, unsigned long, unsigned long, bool)+0x29
V  [libjvm.so+0x91e4aa]  os::commit_memory(char*, unsigned long, unsigned long, bool)+0x2a
V  [libjvm.so+0x992f03]  PSVirtualSpace::expand_by(unsigned long)+0x53
V  [libjvm.so+0x983017]  PSOldGen::initialize(ReservedSpace, unsigned long, char const*, int)+0xb7
V  [libjvm.so+0x2d89aa]  AdjoiningGenerations::AdjoiningGenerations(ReservedSpace, GenerationSizer*, unsigned long)+0x39a
V  [libjvm.so+0x9472d6]  ParallelScavengeHeap::initialize()+0x1d6
V  [libjvm.so+0xa8eff3]  Universe::initialize_heap()+0xf3
V  [libjvm.so+0xa8f55e]  universe_init()+0x3e
V  [libjvm.so+0x63d4f5]  init_globals()+0x65
V  [libjvm.so+0xa72c4e]  Threads::create_vm(JavaVMInitArgs*, bool*)+0x23e
V  [libjvm.so+0x6d1d94]  JNI_CreateJavaVM+0x74
C  [libjli.so+0x745e]  JavaMain+0x9e
C  [libpthread.so.0+0x76ba]  start_thread+0xca


---------------  P R O C E S S  ---------------

Java Threads: ( => current thread )

Other Threads:

=>0x00007fb97400a800 (exited) JavaThread "Unknown thread" [_thread_in_vm, id=21842, stack(0x00007fb97cff6000,0x00007fb97d0f7000)]

VM state:not at safepoint (not fully initialized)

VM Mutex/Monitor currently owned by a thread: None

GC Heap History (0 events):
No events

Deoptimization events (0 events):
No events

Internal exceptions (0 events):
No events

Events (0 events):
No events


Dynamic libraries:
00400000-00401000 r-xp 00000000 08:02 6952093                            /usr/lib/jvm/java-8-oracle/bin/java
00600000-00601000 rw-p 00000000 08:02 6952093                            /usr/lib/jvm/java-8-oracle/bin/java
01453000-01474000 rw-p 00000000 00:00 0                                  [heap]
684800000-7c0000000 rw-p 00000000 00:00 0 
7fb964d79000-7fb965000000 rw-p 00000000 00:00 0 
7fb965000000-7fb965270000 rwxp 00000000 00:00 0 
7fb965270000-7fb974000000 ---p 00000000 00:00 0 
7fb974000000-7fb974035000 rw-p 00000000 00:00 0 
7fb974035000-7fb978000000 ---p 00000000 00:00 0 
7fb97800f000-7fb9793c7000 ---p 00000000 00:00 0 
7fb9793c7000-7fb979dae000 rw-p 00000000 00:00 0 
7fb979dae000-7fb97a164000 ---p 00000000 00:00 0 
7fb97a164000-7fb97a17e000 r-xp 00000000 08:02 7872373                    /usr/lib/jvm/java-8-oracle/jre/lib/amd64/libzip.so
7fb97a17e000-7fb97a37e000 ---p 0001a000 08:02 7872373                    /usr/lib/jvm/java-8-oracle/jre/lib/amd64/libzip.so
7fb97a37e000-7fb97a37f000 rw-p 0001a000 08:02 7872373                    /usr/lib/jvm/java-8-oracle/jre/lib/amd64/libzip.so
7fb97a37f000-7fb97a38a000 r-xp 00000000 08:02 4857700                    /lib/x86_64-linux-gnu/libnss_files-2.23.so
7fb97a38a000-7fb97a589000 ---p 0000b000 08:02 4857700                    /lib/x86_64-linux-gnu/libnss_files-2.23.so
7fb97a589000-7fb97a58a000 r--p 0000a000 08:02 4857700                    /lib/x86_64-linux-gnu/libnss_files-2.23.so
7fb97a58a000-7fb97a58b000 rw-p 0000b000 08:02 4857700                    /lib/x86_64-linux-gnu/libnss_files-2.23.so
7fb97a58b000-7fb97a591000 rw-p 00000000 00:00 0 
7fb97a591000-7fb97a59c000 r-xp 00000000 08:02 4857685                    /lib/x86_64-linux-gnu/libnss_nis-2.23.so
7fb97a59c000-7fb97a79b000 ---p 0000b000 08:02 4857685                    /lib/x86_64-linux-gnu/libnss_nis-2.23.so
7fb97a79b000-7fb97a79c000 r--p 0000a000 08:02 4857685                    /lib/x86_64-linux-gnu/libnss_nis-2.23.so
7fb97a79c000-7fb97a79d000 rw-p 0000b000 08:02 4857685                    /lib/x86_64-linux-gnu/libnss_nis-2.23.so
7fb97a79d000-7fb97a7b3000 r-xp 00000000 08:02 4857696                    /lib/x86_64-linux-gnu/libnsl-2.23.so
7fb97a7b3000-7fb97a9b2000 ---p 00016000 08:02 4857696                    /lib/x86_64-linux-gnu/libnsl-2.23.so
7fb97a9b2000-7fb97a9b3000 r--p 00015000 08:02 4857696                    /lib/x86_64-linux-gnu/libnsl-2.23.so
7fb97a9b3000-7fb97a9b4000 rw-p 00016000 08:02 4857696                    /lib/x86_64-linux-gnu/libnsl-2.23.so
7fb97a9b4000-7fb97a9b6000 rw-p 00000000 00:00 0 
7fb97a9b6000-7fb97a9be000 r-xp 00000000 08:02 4857697                    /lib/x86_64-linux-gnu/libnss_compat-2.23.so
7fb97a9be000-7fb97abbd000 ---p 00008000 08:02 4857697                    /lib/x86_64-linux-gnu/libnss_compat-2.23.so
7fb97abbd000-7fb97abbe000 r--p 00007000 08:02 4857697                    /lib/x86_64-linux-gnu/libnss_compat-2.23.so
7fb97abbe000-7fb97abbf000 rw-p 00008000 08:02 4857697                    /lib/x86_64-linux-gnu/libnss_compat-2.23.so
7fb97abbf000-7fb97abea000 r-xp 00000000 08:02 7872400                    /usr/lib/jvm/java-8-oracle/jre/lib/amd64/libjava.so
7fb97abea000-7fb97ade9000 ---p 0002b000 08:02 7872400                    /usr/lib/jvm/java-8-oracle/jre/lib/amd64/libjava.so
7fb97ade9000-7fb97adeb000 rw-p 0002a000 08:02 7872400                    /usr/lib/jvm/java-8-oracle/jre/lib/amd64/libjava.so
7fb97adeb000-7fb97adf8000 r-xp 00000000 08:02 7872351                    /usr/lib/jvm/java-8-oracle/jre/lib/amd64/libverify.so
7fb97adf8000-7fb97aff7000 ---p 0000d000 08:02 7872351                    /usr/lib/jvm/java-8-oracle/jre/lib/amd64/libverify.so
7fb97aff7000-7fb97aff9000 rw-p 0000c000 08:02 7872351                    /usr/lib/jvm/java-8-oracle/jre/lib/amd64/libverify.so
7fb97aff9000-7fb97b000000 r-xp 00000000 08:02 4857684                    /lib/x86_64-linux-gnu/librt-2.23.so
7fb97b000000-7fb97b1ff000 ---p 00007000 08:02 4857684                    /lib/x86_64-linux-gnu/librt-2.23.so
7fb97b1ff000-7fb97b200000 r--p 00006000 08:02 4857684                    /lib/x86_64-linux-gnu/librt-2.23.so
7fb97b200000-7fb97b201000 rw-p 00007000 08:02 4857684                    /lib/x86_64-linux-gnu/librt-2.23.so
7fb97b201000-7fb97b309000 r-xp 00000000 08:02 4857694                    /lib/x86_64-linux-gnu/libm-2.23.so
7fb97b309000-7fb97b508000 ---p 00108000 08:02 4857694                    /lib/x86_64-linux-gnu/libm-2.23.so
7fb97b508000-7fb97b509000 r--p 00107000 08:02 4857694                    /lib/x86_64-linux-gnu/libm-2.23.so
7fb97b509000-7fb97b50a000 rw-p 00108000 08:02 4857694                    /lib/x86_64-linux-gnu/libm-2.23.so
7fb97b50a000-7fb97c1d8000 r-xp 00000000 08:02 7872404                    /usr/lib/jvm/java-8-oracle/jre/lib/amd64/server/libjvm.so
7fb97c1d8000-7fb97c3d8000 ---p 00cce000 08:02 7872404                    /usr/lib/jvm/java-8-oracle/jre/lib/amd64/server/libjvm.so
7fb97c3d8000-7fb97c4b1000 rw-p 00cce000 08:02 7872404                    /usr/lib/jvm/java-8-oracle/jre/lib/amd64/server/libjvm.so
7fb97c4b1000-7fb97c4fc000 rw-p 00000000 00:00 0 
7fb97c4fc000-7fb97c6bb000 r-xp 00000000 08:02 4857689                    /lib/x86_64-linux-gnu/libc-2.23.so
7fb97c6bb000-7fb97c8bb000 ---p 001bf000 08:02 4857689                    /lib/x86_64-linux-gnu/libc-2.23.so
7fb97c8bb000-7fb97c8bf000 r--p 001bf000 08:02 4857689                    /lib/x86_64-linux-gnu/libc-2.23.so
7fb97c8bf000-7fb97c8c1000 rw-p 001c3000 08:02 4857689                    /lib/x86_64-linux-gnu/libc-2.23.so
7fb97c8c1000-7fb97c8c5000 rw-p 00000000 00:00 0 
7fb97c8c5000-7fb97c8c8000 r-xp 00000000 08:02 4857688                    /lib/x86_64-linux-gnu/libdl-2.23.so
7fb97c8c8000-7fb97cac7000 ---p 00003000 08:02 4857688                    /lib/x86_64-linux-gnu/libdl-2.23.so
7fb97cac7000-7fb97cac8000 r--p 00002000 08:02 4857688                    /lib/x86_64-linux-gnu/libdl-2.23.so
7fb97cac8000-7fb97cac9000 rw-p 00003000 08:02 4857688                    /lib/x86_64-linux-gnu/libdl-2.23.so
7fb97cac9000-7fb97cade000 r-xp 00000000 08:02 7342619                    /usr/lib/jvm/java-8-oracle/lib/amd64/jli/libjli.so
7fb97cade000-7fb97ccde000 ---p 00015000 08:02 7342619                    /usr/lib/jvm/java-8-oracle/lib/amd64/jli/libjli.so
7fb97ccde000-7fb97ccdf000 rw-p 00015000 08:02 7342619                    /usr/lib/jvm/java-8-oracle/lib/amd64/jli/libjli.so
7fb97ccdf000-7fb97ccf7000 r-xp 00000000 08:02 4857695                    /lib/x86_64-linux-gnu/libpthread-2.23.so
7fb97ccf7000-7fb97cef6000 ---p 00018000 08:02 4857695                    /lib/x86_64-linux-gnu/libpthread-2.23.so
7fb97cef6000-7fb97cef7000 r--p 00017000 08:02 4857695                    /lib/x86_64-linux-gnu/libpthread-2.23.so
7fb97cef7000-7fb97cef8000 rw-p 00018000 08:02 4857695                    /lib/x86_64-linux-gnu/libpthread-2.23.so
7fb97cef8000-7fb97cefc000 rw-p 00000000 00:00 0 
7fb97cefc000-7fb97cf22000 r-xp 00000000 08:02 4851008                    /lib/x86_64-linux-gnu/ld-2.23.so
7fb97cff6000-7fb97cff9000 ---p 00000000 00:00 0 
7fb97cff9000-7fb97d0fb000 rw-p 00000000 00:00 0 
7fb97d115000-7fb97d11d000 rw-s 00000000 08:02 6160502                    /tmp/hsperfdata_aurea/21837
7fb97d11d000-7fb97d11e000 rw-p 00000000 00:00 0 
7fb97d11e000-7fb97d11f000 r--p 00000000 00:00 0 
7fb97d11f000-7fb97d121000 rw-p 00000000 00:00 0 
7fb97d121000-7fb97d122000 r--p 00025000 08:02 4851008                    /lib/x86_64-linux-gnu/ld-2.23.so
7fb97d122000-7fb97d123000 rw-p 00026000 08:02 4851008                    /lib/x86_64-linux-gnu/ld-2.23.so
7fb97d123000-7fb97d124000 rw-p 00000000 00:00 0 
7ffe757d1000-7ffe757f2000 rw-p 00000000 00:00 0                          [stack]
7ffe757f3000-7ffe757f5000 r--p 00000000 00:00 0                          [vvar]
7ffe757f5000-7ffe757f7000 r-xp 00000000 00:00 0                          [vdso]
ffffffffff600000-ffffffffff601000 r-xp 00000000 00:00 0                  [vsyscall]

VM Arguments:
jvm_args: -Dfile.encoding=UTF-8 -Xms15144m -Xmx15144m -Djava.library.path=/usr/lib/jni:./dlls:./lib -Djava.security.policy=applet.policy 
java_command: attributeselection.VisualFeatureInspector
java_class_path (initial): /home/aurea/MEGA/MEGA/selection/AttributeSelection/lib/jfreechart-1.0.17/lib/hamcrest-core-1.3.jar:/home/aurea/MEGA/MEGA/selection/AttributeSelection/lib/jfreechart-1.0.17/lib/jcommon-1.0.21.jar:/home/aurea/MEGA/MEGA/selection/AttributeSelection/lib/jfreechart-1.0.17/lib/jfreechart-1.0.17-swt.jar:/home/aurea/MEGA/MEGA/selection/AttributeSelection/lib/jfreechart-1.0.17/lib/jfreechart-1.0.17.jar:/home/aurea/MEGA/MEGA/selection/AttributeSelection/lib/jfreechart-1.0.17/lib/junit-4.11.jar:/home/aurea/MEGA/MEGA/selection/AttributeSelection/lib/libsvm.jar:/home/aurea/MEGA/MEGA/selection/AttributeSelection/lib/jfreechart-1.0.17/lib/orsoncharts-1.0-eval.jar:/home/aurea/MEGA/MEGA/selection/AttributeSelection/lib/jfreechart-1.0.17/lib/orsonpdf-1.3-eval.jar:/home/aurea/MEGA/MEGA/selection/AttributeSelection/lib/jfreechart-1.0.17/lib/servlet.jar:/home/aurea/MEGA/MEGA/selection/AttributeSelection/lib/jfreechart-1.0.17/lib/swtgraphics2d.jar:/home/aurea/netbeans-8.2/java/modules/ext/AbsoluteLayout.jar:/home/aurea/MEGA/MEGA/selection/AttributeSelection/lib/colt.jar:/home/aurea/MEGA/MEGA/selection/AttributeSelection/lib/weka-3-6-11/weka.jar:/home/aurea/MEGA/MEGA/selection/AttributeSelection/build/classes
Launcher Type: SUN_STANDARD

Environment Variables:
JAVA_HOME=/usr/lib/jvm/java-7-oracle
PATH=/usr/local/sbin:/usr/local/bin:/usr/sbin:/usr/bin:/sbin:/bin:/usr/games:/usr/local/games:/usr/lib/jvm/java-7-oracle/bin:/usr/lib/jvm/java-7-oracle/db/bin:/usr/lib/jvm/java-7-oracle/jre/bin
USERNAME=aurea
LD_LIBRARY_PATH=/usr/lib/jvm/java-8-oracle/jre/lib/amd64:/usr/lib/jvm/java-8-oracle/jre/lib/i386:
SHELL=/bin/bash
DISPLAY=:0

Signal Handlers:
SIGSEGV: [libjvm.so+0xac78c0], sa_mask[0]=11111111011111111101111111111110, sa_flags=SA_RESTART|SA_SIGINFO
SIGBUS: [libjvm.so+0xac78c0], sa_mask[0]=11111111011111111101111111111110, sa_flags=SA_RESTART|SA_SIGINFO
SIGFPE: [libjvm.so+0x920ac0], sa_mask[0]=11111111011111111101111111111110, sa_flags=SA_RESTART|SA_SIGINFO
SIGPIPE: [libjvm.so+0x920ac0], sa_mask[0]=11111111011111111101111111111110, sa_flags=SA_RESTART|SA_SIGINFO
SIGXFSZ: [libjvm.so+0x920ac0], sa_mask[0]=11111111011111111101111111111110, sa_flags=SA_RESTART|SA_SIGINFO
SIGILL: [libjvm.so+0x920ac0], sa_mask[0]=11111111011111111101111111111110, sa_flags=SA_RESTART|SA_SIGINFO
SIGUSR1: SIG_DFL, sa_mask[0]=00000000000000000000000000000000, sa_flags=none
SIGUSR2: [libjvm.so+0x922300], sa_mask[0]=00100000000000000000000000000000, sa_flags=SA_RESTART|SA_SIGINFO
SIGHUP: SIG_DFL, sa_mask[0]=00000000000000000000000000000000, sa_flags=none
SIGINT: SIG_IGN, sa_mask[0]=00000000000000000000000000000000, sa_flags=none
SIGTERM: SIG_DFL, sa_mask[0]=00000000000000000000000000000000, sa_flags=none
SIGQUIT: SIG_DFL, sa_mask[0]=00000000000000000000000000000000, sa_flags=none


---------------  S Y S T E M  ---------------

OS:DISTRIB_ID=LinuxMint
DISTRIB_RELEASE=18
DISTRIB_CODENAME=sarah
DISTRIB_DESCRIPTION="Linux Mint 18 Sarah"

uname:Linux 4.4.0-47-generic #68-Ubuntu SMP Wed Oct 26 19:39:52 UTC 2016 x86_64
libc:glibc 2.23 NPTL 2.23 
rlimit: STACK 8192k, CORE 0k, NPROC 63702, NOFILE 65536, AS infinity
load average:0.10 0.47 1.50

/proc/meminfo:
MemTotal:       16350100 kB
MemFree:          250724 kB
MemAvailable:    8225184 kB
Buffers:         1530396 kB
Cached:          7207808 kB
SwapCached:         1480 kB
Active:         10405264 kB
Inactive:        5126012 kB
Active(anon):    6380792 kB
Inactive(anon):  1158968 kB
Active(file):    4024472 kB
Inactive(file):  3967044 kB
Unevictable:         288 kB
Mlocked:             288 kB
SwapTotal:       1951740 kB
SwapFree:        1936976 kB
Dirty:               204 kB
Writeback:             0 kB
AnonPages:       6793228 kB
Mapped:           679420 kB
Shmem:            746080 kB
Slab:             388988 kB
SReclaimable:     320220 kB
SUnreclaim:        68768 kB
KernelStack:       13872 kB
PageTables:        66996 kB
NFS_Unstable:          0 kB
Bounce:                0 kB
WritebackTmp:          0 kB
CommitLimit:    10126788 kB
Committed_AS:   18851668 kB
VmallocTotal:   34359738367 kB
VmallocUsed:           0 kB
VmallocChunk:          0 kB
HardwareCorrupted:     0 kB
AnonHugePages:   3442688 kB
CmaTotal:              0 kB
CmaFree:               0 kB
HugePages_Total:       0
HugePages_Free:        0
HugePages_Rsvd:        0
HugePages_Surp:        0
Hugepagesize:       2048 kB
DirectMap4k:      325476 kB
DirectMap2M:    12175360 kB
DirectMap1G:     4194304 kB


CPU:total 8 (4 cores per cpu, 2 threads per core) family 6 model 60 stepping 3, cmov, cx8, fxsr, mmx, sse, sse2, sse3, ssse3, sse4.1, sse4.2, popcnt, avx, avx2, aes, clmul, erms, lzcnt, ht, tsc, tscinvbit, bmi1, bmi2

/proc/cpuinfo:
processor	: 0
vendor_id	: GenuineIntel
cpu family	: 6
model		: 60
model name	: Intel(R) Core(TM) i7-4810MQ CPU @ 2.80GHz
stepping	: 3
microcode	: 0x1e
cpu MHz		: 3416.000
cache size	: 6144 KB
physical id	: 0
siblings	: 8
core id		: 0
cpu cores	: 4
apicid		: 0
initial apicid	: 0
fpu		: yes
fpu_exception	: yes
cpuid level	: 13
wp		: yes
flags		: fpu vme de pse tsc msr pae mce cx8 apic sep mtrr pge mca cmov pat pse36 clflush dts acpi mmx fxsr sse sse2 ss ht tm pbe syscall nx pdpe1gb rdtscp lm constant_tsc arch_perfmon pebs bts rep_good nopl xtopology nonstop_tsc aperfmperf eagerfpu pni pclmulqdq dtes64 monitor ds_cpl vmx smx est tm2 ssse3 sdbg fma cx16 xtpr pdcm pcid sse4_1 sse4_2 x2apic movbe popcnt tsc_deadline_timer aes xsave avx f16c rdrand lahf_lm abm epb tpr_shadow vnmi flexpriority ept vpid fsgsbase tsc_adjust bmi1 avx2 smep bmi2 erms invpcid xsaveopt dtherm ida arat pln pts
bugs		:
bogomips	: 5586.71
clflush size	: 64
cache_alignment	: 64
address sizes	: 39 bits physical, 48 bits virtual
power management:

processor	: 1
vendor_id	: GenuineIntel
cpu family	: 6
model		: 60
model name	: Intel(R) Core(TM) i7-4810MQ CPU @ 2.80GHz
stepping	: 3
microcode	: 0x1e
cpu MHz		: 3055.718
cache size	: 6144 KB
physical id	: 0
siblings	: 8
core id		: 1
cpu cores	: 4
apicid		: 2
initial apicid	: 2
fpu		: yes
fpu_exception	: yes
cpuid level	: 13
wp		: yes
flags		: fpu vme de pse tsc msr pae mce cx8 apic sep mtrr pge mca cmov pat pse36 clflush dts acpi mmx fxsr sse sse2 ss ht tm pbe syscall nx pdpe1gb rdtscp lm constant_tsc arch_perfmon pebs bts rep_good nopl xtopology nonstop_tsc aperfmperf eagerfpu pni pclmulqdq dtes64 monitor ds_cpl vmx smx est tm2 ssse3 sdbg fma cx16 xtpr pdcm pcid sse4_1 sse4_2 x2apic movbe popcnt tsc_deadline_timer aes xsave avx f16c rdrand lahf_lm abm epb tpr_shadow vnmi flexpriority ept vpid fsgsbase tsc_adjust bmi1 avx2 smep bmi2 erms invpcid xsaveopt dtherm ida arat pln pts
bugs		:
bogomips	: 5586.71
clflush size	: 64
cache_alignment	: 64
address sizes	: 39 bits physical, 48 bits virtual
power management:

processor	: 2
vendor_id	: GenuineIntel
cpu family	: 6
model		: 60
model name	: Intel(R) Core(TM) i7-4810MQ CPU @ 2.80GHz
stepping	: 3
microcode	: 0x1e
cpu MHz		: 2797.046
cache size	: 6144 KB
physical id	: 0
siblings	: 8
core id		: 2
cpu cores	: 4
apicid		: 4
initial apicid	: 4
fpu		: yes
fpu_exception	: yes
cpuid level	: 13
wp		: yes
flags		: fpu vme de pse tsc msr pae mce cx8 apic sep mtrr pge mca cmov pat pse36 clflush dts acpi mmx fxsr sse sse2 ss ht tm pbe syscall nx pdpe1gb rdtscp lm constant_tsc arch_perfmon pebs bts rep_good nopl xtopology nonstop_tsc aperfmperf eagerfpu pni pclmulqdq dtes64 monitor ds_cpl vmx smx est tm2 ssse3 sdbg fma cx16 xtpr pdcm pcid sse4_1 sse4_2 x2apic movbe popcnt tsc_deadline_timer aes xsave avx f16c rdrand lahf_lm abm epb tpr_shadow vnmi flexpriority ept vpid fsgsbase tsc_adjust bmi1 avx2 smep bmi2 erms invpcid xsaveopt dtherm ida arat pln pts
bugs		:
bogomips	: 5586.71
clflush size	: 64
cache_alignment	: 64
address sizes	: 39 bits physical, 48 bits virtual
power management:

processor	: 3
vendor_id	: GenuineIntel
cpu family	: 6
model		: 60
model name	: Intel(R) Core(TM) i7-4810MQ CPU @ 2.80GHz
stepping	: 3
microcode	: 0x1e
cpu MHz		: 2695.656
cache size	: 6144 KB
physical id	: 0
siblings	: 8
core id		: 3
cpu cores	: 4
apicid		: 6
initial apicid	: 6
fpu		: yes
fpu_exception	: yes
cpuid level	: 13
wp		: yes
flags		: fpu vme de pse tsc msr pae mce cx8 apic sep mtrr pge mca cmov pat pse36 clflush dts acpi mmx fxsr sse sse2 ss ht tm pbe syscall nx pdpe1gb rdtscp lm constant_tsc arch_perfmon pebs bts rep_good nopl xtopology nonstop_tsc aperfmperf eagerfpu pni pclmulqdq dtes64 monitor ds_cpl vmx smx est tm2 ssse3 sdbg fma cx16 xtpr pdcm pcid sse4_1 sse4_2 x2apic movbe popcnt tsc_deadline_timer aes xsave avx f16c rdrand lahf_lm abm epb tpr_shadow vnmi flexpriority ept vpid fsgsbase tsc_adjust bmi1 avx2 smep bmi2 erms invpcid xsaveopt dtherm ida arat pln pts
bugs		:
bogomips	: 5586.71
clflush size	: 64
cache_alignment	: 64
address sizes	: 39 bits physical, 48 bits virtual
power management:

processor	: 4
vendor_id	: GenuineIntel
cpu family	: 6
model		: 60
model name	: Intel(R) Core(TM) i7-4810MQ CPU @ 2.80GHz
stepping	: 3
microcode	: 0x1e
cpu MHz		: 3167.937
cache size	: 6144 KB
physical id	: 0
siblings	: 8
core id		: 0
cpu cores	: 4
apicid		: 1
initial apicid	: 1
fpu		: yes
fpu_exception	: yes
cpuid level	: 13
wp		: yes
flags		: fpu vme de pse tsc msr pae mce cx8 apic sep mtrr pge mca cmov pat pse36 clflush dts acpi mmx fxsr sse sse2 ss ht tm pbe syscall nx pdpe1gb rdtscp lm constant_tsc arch_perfmon pebs bts rep_good nopl xtopology nonstop_tsc aperfmperf eagerfpu pni pclmulqdq dtes64 monitor ds_cpl vmx smx est tm2 ssse3 sdbg fma cx16 xtpr pdcm pcid sse4_1 sse4_2 x2apic movbe popcnt tsc_deadline_timer aes xsave avx f16c rdrand lahf_lm abm epb tpr_shadow vnmi flexpriority ept vpid fsgsbase tsc_adjust bmi1 avx2 smep bmi2 erms invpcid xsaveopt dtherm ida arat pln pts
bugs		:
bogomips	: 5586.71
clflush size	: 64
cache_alignment	: 64
address sizes	: 39 bits physical, 48 bits virtual
power management:

processor	: 5
vendor_id	: GenuineIntel
cpu family	: 6
model		: 60
model name	: Intel(R) Core(TM) i7-4810MQ CPU @ 2.80GHz
stepping	: 3
microcode	: 0x1e
cpu MHz		: 3397.406
cache size	: 6144 KB
physical id	: 0
siblings	: 8
core id		: 1
cpu cores	: 4
apicid		: 3
initial apicid	: 3
fpu		: yes
fpu_exception	: yes
cpuid level	: 13
wp		: yes
flags		: fpu vme de pse tsc msr pae mce cx8 apic sep mtrr pge mca cmov pat pse36 clflush dts acpi mmx fxsr sse sse2 ss ht tm pbe syscall nx pdpe1gb rdtscp lm constant_tsc arch_perfmon pebs bts rep_good nopl xtopology nonstop_tsc aperfmperf eagerfpu pni pclmulqdq dtes64 monitor ds_cpl vmx smx est tm2 ssse3 sdbg fma cx16 xtpr pdcm pcid sse4_1 sse4_2 x2apic movbe popcnt tsc_deadline_timer aes xsave avx f16c rdrand lahf_lm abm epb tpr_shadow vnmi flexpriority ept vpid fsgsbase tsc_adjust bmi1 avx2 smep bmi2 erms invpcid xsaveopt dtherm ida arat pln pts
bugs		:
bogomips	: 5586.71
clflush size	: 64
cache_alignment	: 64
address sizes	: 39 bits physical, 48 bits virtual
power management:

processor	: 6
vendor_id	: GenuineIntel
cpu family	: 6
model		: 60
model name	: Intel(R) Core(TM) i7-4810MQ CPU @ 2.80GHz
stepping	: 3
microcode	: 0x1e
cpu MHz		: 3061.515
cache size	: 6144 KB
physical id	: 0
siblings	: 8
core id		: 2
cpu cores	: 4
apicid		: 5
initial apicid	: 5
fpu		: yes
fpu_exception	: yes
cpuid level	: 13
wp		: yes
flags		: fpu vme de pse tsc msr pae mce cx8 apic sep mtrr pge mca cmov pat pse36 clflush dts acpi mmx fxsr sse sse2 ss ht tm pbe syscall nx pdpe1gb rdtscp lm constant_tsc arch_perfmon pebs bts rep_good nopl xtopology nonstop_tsc aperfmperf eagerfpu pni pclmulqdq dtes64 monitor ds_cpl vmx smx est tm2 ssse3 sdbg fma cx16 xtpr pdcm pcid sse4_1 sse4_2 x2apic movbe popcnt tsc_deadline_timer aes xsave avx f16c rdrand lahf_lm abm epb tpr_shadow vnmi flexpriority ept vpid fsgsbase tsc_adjust bmi1 avx2 smep bmi2 erms invpcid xsaveopt dtherm ida arat pln pts
bugs		:
bogomips	: 5586.71
clflush size	: 64
cache_alignment	: 64
address sizes	: 39 bits physical, 48 bits virtual
power management:

processor	: 7
vendor_id	: GenuineIntel
cpu family	: 6
model		: 60
model name	: Intel(R) Core(TM) i7-4810MQ CPU @ 2.80GHz
stepping	: 3
microcode	: 0x1e
cpu MHz		: 3036.140
cache size	: 6144 KB
physical id	: 0
siblings	: 8
core id		: 3
cpu cores	: 4
apicid		: 7
initial apicid	: 7
fpu		: yes
fpu_exception	: yes
cpuid level	: 13
wp		: yes
flags		: fpu vme de pse tsc msr pae mce cx8 apic sep mtrr pge mca cmov pat pse36 clflush dts acpi mmx fxsr sse sse2 ss ht tm pbe syscall nx pdpe1gb rdtscp lm constant_tsc arch_perfmon pebs bts rep_good nopl xtopology nonstop_tsc aperfmperf eagerfpu pni pclmulqdq dtes64 monitor ds_cpl vmx smx est tm2 ssse3 sdbg fma cx16 xtpr pdcm pcid sse4_1 sse4_2 x2apic movbe popcnt tsc_deadline_timer aes xsave avx f16c rdrand lahf_lm abm epb tpr_shadow vnmi flexpriority ept vpid fsgsbase tsc_adjust bmi1 avx2 smep bmi2 erms invpcid xsaveopt dtherm ida arat pln pts
bugs		:
bogomips	: 5586.71
clflush size	: 64
cache_alignment	: 64
address sizes	: 39 bits physical, 48 bits virtual
power management:



Memory: 4k page, physical 16350100k(250724k free), swap 1951740k(1936976k free)

vm_info: Java HotSpot(TM) 64-Bit Server VM (25.121-b13) for linux-amd64 JRE (1.8.0_121-b13), built on Dec 12 2016 16:36:53 by "java_re" with gcc 4.3.0 20080428 (Red Hat 4.3.0-8)

time: Wed Mar  1 21:17:12 2017
elapsed time: 0 seconds (0d 0h 0m 0s)

